{"C:\\Users\\pdtay\\Downloads\\Desktop\\MoshClass\\vidly\\index.js": {"path":"C:\\Users\\pdtay\\Downloads\\Desktop\\MoshClass\\vidly\\index.js","statementMap":{"0":{"start":{"line":2,"column":16},"end":{"line":2,"column":34}},"1":{"start":{"line":3,"column":16},"end":{"line":3,"column":34}},"2":{"start":{"line":4,"column":12},"end":{"line":4,"column":21}},"3":{"start":{"line":6,"column":0},"end":{"line":6,"column":31}},"4":{"start":{"line":7,"column":0},"end":{"line":7,"column":33}},"5":{"start":{"line":8,"column":0},"end":{"line":8,"column":26}},"6":{"start":{"line":9,"column":0},"end":{"line":9,"column":30}},"7":{"start":{"line":10,"column":0},"end":{"line":10,"column":34}},"8":{"start":{"line":26,"column":13},"end":{"line":26,"column":37}},"9":{"start":{"line":27,"column":15},"end":{"line":27,"column":83}},"10":{"start":{"line":27,"column":38},"end":{"line":27,"column":82}},"11":{"start":{"line":29,"column":0},"end":{"line":29,"column":24}}},"fnMap":{"0":{"name":"(anonymous_0)","decl":{"start":{"line":27,"column":32},"end":{"line":27,"column":33}},"loc":{"start":{"line":27,"column":38},"end":{"line":27,"column":82}},"line":27}},"branchMap":{"0":{"loc":{"start":{"line":26,"column":13},"end":{"line":26,"column":37}},"type":"binary-expr","locations":[{"start":{"line":26,"column":13},"end":{"line":26,"column":29}},{"start":{"line":26,"column":33},"end":{"line":26,"column":37}}],"line":26}},"s":{"0":2,"1":2,"2":2,"3":2,"4":2,"5":2,"6":2,"7":2,"8":2,"9":2,"10":2,"11":2},"f":{"0":2},"b":{"0":[2,2]},"_coverageSchema":"332fd63041d2c1bcb487cc26dd0d5f7d97098a6c","hash":"0e1aa9eec57e263cefa281276c9ab3496dea6826"}
,"C:\\Users\\pdtay\\Downloads\\Desktop\\MoshClass\\vidly\\middleware\\admin.js": {"path":"C:\\Users\\pdtay\\Downloads\\Desktop\\MoshClass\\vidly\\middleware\\admin.js","statementMap":{"0":{"start":{"line":2,"column":0},"end":{"line":6,"column":1}},"1":{"start":{"line":3,"column":4},"end":{"line":3,"column":73}},"2":{"start":{"line":3,"column":27},"end":{"line":3,"column":73}},"3":{"start":{"line":5,"column":4},"end":{"line":5,"column":11}}},"fnMap":{"0":{"name":"(anonymous_0)","decl":{"start":{"line":2,"column":17},"end":{"line":2,"column":18}},"loc":{"start":{"line":2,"column":42},"end":{"line":6,"column":1}},"line":2}},"branchMap":{"0":{"loc":{"start":{"line":3,"column":4},"end":{"line":3,"column":73}},"type":"if","locations":[{"start":{"line":3,"column":4},"end":{"line":3,"column":73}},{"start":{"line":3,"column":4},"end":{"line":3,"column":73}}],"line":3}},"s":{"0":2,"1":0,"2":0,"3":0},"f":{"0":0},"b":{"0":[0,0]},"_coverageSchema":"332fd63041d2c1bcb487cc26dd0d5f7d97098a6c","hash":"d7567175118bcaab434fa2364bf26be70e2c2ef3"}
,"C:\\Users\\pdtay\\Downloads\\Desktop\\MoshClass\\vidly\\middleware\\async.js": {"path":"C:\\Users\\pdtay\\Downloads\\Desktop\\MoshClass\\vidly\\middleware\\async.js","statementMap":{"0":{"start":{"line":2,"column":0},"end":{"line":11,"column":1}},"1":{"start":{"line":3,"column":4},"end":{"line":10,"column":6}},"2":{"start":{"line":4,"column":8},"end":{"line":9,"column":9}},"3":{"start":{"line":5,"column":12},"end":{"line":5,"column":36}},"4":{"start":{"line":8,"column":12},"end":{"line":8,"column":21}}},"fnMap":{"0":{"name":"(anonymous_0)","decl":{"start":{"line":2,"column":17},"end":{"line":2,"column":18}},"loc":{"start":{"line":2,"column":36},"end":{"line":11,"column":1}},"line":2},"1":{"name":"(anonymous_1)","decl":{"start":{"line":3,"column":11},"end":{"line":3,"column":12}},"loc":{"start":{"line":3,"column":37},"end":{"line":10,"column":5}},"line":3}},"branchMap":{},"s":{"0":2,"1":4,"2":0,"3":0,"4":0},"f":{"0":4,"1":0},"b":{},"_coverageSchema":"332fd63041d2c1bcb487cc26dd0d5f7d97098a6c","hash":"62734a610ccd68db09f9c82bf8853400100fc559"}
,"C:\\Users\\pdtay\\Downloads\\Desktop\\MoshClass\\vidly\\middleware\\auth.js": {"path":"C:\\Users\\pdtay\\Downloads\\Desktop\\MoshClass\\vidly\\middleware\\auth.js","statementMap":{"0":{"start":{"line":2,"column":12},"end":{"line":2,"column":35}},"1":{"start":{"line":3,"column":15},"end":{"line":3,"column":32}},"2":{"start":{"line":5,"column":0},"end":{"line":17,"column":2}},"3":{"start":{"line":6,"column":18},"end":{"line":6,"column":44}},"4":{"start":{"line":7,"column":4},"end":{"line":7,"column":81}},"5":{"start":{"line":7,"column":16},"end":{"line":7,"column":81}},"6":{"start":{"line":9,"column":4},"end":{"line":16,"column":5}},"7":{"start":{"line":10,"column":24},"end":{"line":10,"column":70}},"8":{"start":{"line":11,"column":8},"end":{"line":11,"column":27}},"9":{"start":{"line":12,"column":8},"end":{"line":12,"column":15}},"10":{"start":{"line":15,"column":8},"end":{"line":15,"column":47}}},"fnMap":{"0":{"name":"auth","decl":{"start":{"line":5,"column":26},"end":{"line":5,"column":30}},"loc":{"start":{"line":5,"column":47},"end":{"line":17,"column":1}},"line":5}},"branchMap":{"0":{"loc":{"start":{"line":7,"column":4},"end":{"line":7,"column":81}},"type":"if","locations":[{"start":{"line":7,"column":4},"end":{"line":7,"column":81}},{"start":{"line":7,"column":4},"end":{"line":7,"column":81}}],"line":7}},"s":{"0":3,"1":3,"2":3,"3":9,"4":9,"5":2,"6":7,"7":7,"8":6,"9":6,"10":1},"f":{"0":9},"b":{"0":[2,7]},"_coverageSchema":"332fd63041d2c1bcb487cc26dd0d5f7d97098a6c","hash":"b388ad01e8f7b59b3ca0ac59ba8d35f88f0f3078"}
,"C:\\Users\\pdtay\\Downloads\\Desktop\\MoshClass\\vidly\\middleware\\error.js": {"path":"C:\\Users\\pdtay\\Downloads\\Desktop\\MoshClass\\vidly\\middleware\\error.js","statementMap":{"0":{"start":{"line":2,"column":16},"end":{"line":2,"column":34}},"1":{"start":{"line":4,"column":0},"end":{"line":8,"column":2}},"2":{"start":{"line":6,"column":4},"end":{"line":6,"column":36}},"3":{"start":{"line":7,"column":5},"end":{"line":7,"column":47}}},"fnMap":{"0":{"name":"(anonymous_0)","decl":{"start":{"line":4,"column":17},"end":{"line":4,"column":18}},"loc":{"start":{"line":4,"column":47},"end":{"line":8,"column":1}},"line":4}},"branchMap":{},"s":{"0":2,"1":2,"2":0,"3":0},"f":{"0":0},"b":{},"_coverageSchema":"332fd63041d2c1bcb487cc26dd0d5f7d97098a6c","hash":"2063a824693b5b31918d99b17d7293061a4a9235"}
,"C:\\Users\\pdtay\\Downloads\\Desktop\\MoshClass\\vidly\\middleware\\validateObjectId.js": {"path":"C:\\Users\\pdtay\\Downloads\\Desktop\\MoshClass\\vidly\\middleware\\validateObjectId.js","statementMap":{"0":{"start":{"line":2,"column":17},"end":{"line":2,"column":36}},"1":{"start":{"line":4,"column":0},"end":{"line":9,"column":1}},"2":{"start":{"line":5,"column":4},"end":{"line":6,"column":47}},"3":{"start":{"line":6,"column":4},"end":{"line":6,"column":47}},"4":{"start":{"line":8,"column":4},"end":{"line":8,"column":11}}},"fnMap":{"0":{"name":"(anonymous_0)","decl":{"start":{"line":4,"column":17},"end":{"line":4,"column":18}},"loc":{"start":{"line":4,"column":42},"end":{"line":9,"column":1}},"line":4}},"branchMap":{"0":{"loc":{"start":{"line":5,"column":4},"end":{"line":6,"column":47}},"type":"if","locations":[{"start":{"line":5,"column":4},"end":{"line":6,"column":47}},{"start":{"line":5,"column":4},"end":{"line":6,"column":47}}],"line":5}},"s":{"0":2,"1":2,"2":3,"3":1,"4":2},"f":{"0":3},"b":{"0":[1,2]},"_coverageSchema":"332fd63041d2c1bcb487cc26dd0d5f7d97098a6c","hash":"505b2dc89f6768684f30017e5e9087f607406780"}
,"C:\\Users\\pdtay\\Downloads\\Desktop\\MoshClass\\vidly\\models\\customer.js": {"path":"C:\\Users\\pdtay\\Downloads\\Desktop\\MoshClass\\vidly\\models\\customer.js","statementMap":{"0":{"start":{"line":2,"column":17},"end":{"line":2,"column":36}},"1":{"start":{"line":3,"column":12},"end":{"line":3,"column":26}},"2":{"start":{"line":6,"column":17},"end":{"line":23,"column":3}},"3":{"start":{"line":26,"column":19},"end":{"line":30,"column":5}},"4":{"start":{"line":32,"column":4},"end":{"line":32,"column":42}},"5":{"start":{"line":35,"column":0},"end":{"line":35,"column":28}},"6":{"start":{"line":36,"column":0},"end":{"line":36,"column":36}}},"fnMap":{"0":{"name":"validateCustomer","decl":{"start":{"line":25,"column":9},"end":{"line":25,"column":25}},"loc":{"start":{"line":25,"column":36},"end":{"line":33,"column":1}},"line":25}},"branchMap":{},"s":{"0":2,"1":2,"2":2,"3":0,"4":0,"5":2,"6":2},"f":{"0":0},"b":{},"_coverageSchema":"332fd63041d2c1bcb487cc26dd0d5f7d97098a6c","hash":"e155589761675de7d8633f37e60b0c475c6b5f3a"}
,"C:\\Users\\pdtay\\Downloads\\Desktop\\MoshClass\\vidly\\models\\genre.js": {"path":"C:\\Users\\pdtay\\Downloads\\Desktop\\MoshClass\\vidly\\models\\genre.js","statementMap":{"0":{"start":{"line":2,"column":17},"end":{"line":2,"column":36}},"1":{"start":{"line":3,"column":12},"end":{"line":3,"column":26}},"2":{"start":{"line":5,"column":20},"end":{"line":12,"column":2}},"3":{"start":{"line":14,"column":14},"end":{"line":14,"column":50}},"4":{"start":{"line":17,"column":19},"end":{"line":19,"column":5}},"5":{"start":{"line":21,"column":4},"end":{"line":21,"column":48}},"6":{"start":{"line":24,"column":0},"end":{"line":24,"column":34}},"7":{"start":{"line":25,"column":0},"end":{"line":25,"column":22}},"8":{"start":{"line":26,"column":0},"end":{"line":26,"column":33}}},"fnMap":{"0":{"name":"validateGenre","decl":{"start":{"line":16,"column":9},"end":{"line":16,"column":22}},"loc":{"start":{"line":16,"column":30},"end":{"line":22,"column":1}},"line":16}},"branchMap":{},"s":{"0":2,"1":2,"2":2,"3":2,"4":5,"5":5,"6":2,"7":2,"8":2},"f":{"0":5},"b":{},"_coverageSchema":"332fd63041d2c1bcb487cc26dd0d5f7d97098a6c","hash":"bf01ac09a50fd8b46c35aeaeec6336575661022b"}
,"C:\\Users\\pdtay\\Downloads\\Desktop\\MoshClass\\vidly\\models\\movie.js": {"path":"C:\\Users\\pdtay\\Downloads\\Desktop\\MoshClass\\vidly\\models\\movie.js","statementMap":{"0":{"start":{"line":1,"column":17},"end":{"line":1,"column":36}},"1":{"start":{"line":2,"column":12},"end":{"line":2,"column":26}},"2":{"start":{"line":3,"column":24},"end":{"line":3,"column":42}},"3":{"start":{"line":5,"column":16},"end":{"line":25,"column":3}},"4":{"start":{"line":29,"column":19},"end":{"line":34,"column":5}},"5":{"start":{"line":36,"column":4},"end":{"line":36,"column":48}},"6":{"start":{"line":39,"column":0},"end":{"line":39,"column":22}},"7":{"start":{"line":40,"column":0},"end":{"line":40,"column":33}}},"fnMap":{"0":{"name":"validateMovie","decl":{"start":{"line":28,"column":9},"end":{"line":28,"column":22}},"loc":{"start":{"line":28,"column":30},"end":{"line":37,"column":1}},"line":28}},"branchMap":{},"s":{"0":2,"1":2,"2":2,"3":2,"4":0,"5":0,"6":2,"7":2},"f":{"0":0},"b":{},"_coverageSchema":"332fd63041d2c1bcb487cc26dd0d5f7d97098a6c","hash":"9edd48ed0c365dd786b1ba7dea43427ddc95dc9c"}
,"C:\\Users\\pdtay\\Downloads\\Desktop\\MoshClass\\vidly\\models\\rental.js": {"path":"C:\\Users\\pdtay\\Downloads\\Desktop\\MoshClass\\vidly\\models\\rental.js","statementMap":{"0":{"start":{"line":1,"column":12},"end":{"line":1,"column":26}},"1":{"start":{"line":2,"column":0},"end":{"line":2,"column":44}},"2":{"start":{"line":3,"column":17},"end":{"line":3,"column":36}},"3":{"start":{"line":5,"column":15},"end":{"line":57,"column":3}},"4":{"start":{"line":60,"column":17},"end":{"line":63,"column":3}},"5":{"start":{"line":65,"column":2},"end":{"line":65,"column":38}},"6":{"start":{"line":68,"column":0},"end":{"line":68,"column":24}},"7":{"start":{"line":69,"column":0},"end":{"line":69,"column":34}}},"fnMap":{"0":{"name":"validateRental","decl":{"start":{"line":59,"column":9},"end":{"line":59,"column":23}},"loc":{"start":{"line":59,"column":32},"end":{"line":66,"column":1}},"line":59}},"branchMap":{},"s":{"0":2,"1":2,"2":2,"3":2,"4":0,"5":0,"6":2,"7":2},"f":{"0":0},"b":{},"_coverageSchema":"332fd63041d2c1bcb487cc26dd0d5f7d97098a6c","hash":"790a3d75d8db2aff94ffbed366265110183b1552"}
,"C:\\Users\\pdtay\\Downloads\\Desktop\\MoshClass\\vidly\\models\\user.js": {"path":"C:\\Users\\pdtay\\Downloads\\Desktop\\MoshClass\\vidly\\models\\user.js","statementMap":{"0":{"start":{"line":3,"column":15},"end":{"line":3,"column":32}},"1":{"start":{"line":4,"column":12},"end":{"line":4,"column":35}},"2":{"start":{"line":5,"column":12},"end":{"line":5,"column":26}},"3":{"start":{"line":6,"column":0},"end":{"line":6,"column":44}},"4":{"start":{"line":7,"column":17},"end":{"line":7,"column":36}},"5":{"start":{"line":9,"column":19},"end":{"line":30,"column":2}},"6":{"start":{"line":32,"column":0},"end":{"line":35,"column":2}},"7":{"start":{"line":33,"column":18},"end":{"line":33,"column":97}},"8":{"start":{"line":34,"column":4},"end":{"line":34,"column":17}},"9":{"start":{"line":37,"column":13},"end":{"line":37,"column":47}},"10":{"start":{"line":40,"column":17},"end":{"line":44,"column":3}},"11":{"start":{"line":46,"column":2},"end":{"line":46,"column":36}},"12":{"start":{"line":49,"column":0},"end":{"line":49,"column":20}},"13":{"start":{"line":50,"column":0},"end":{"line":50,"column":32}}},"fnMap":{"0":{"name":"(anonymous_0)","decl":{"start":{"line":32,"column":39},"end":{"line":32,"column":40}},"loc":{"start":{"line":32,"column":50},"end":{"line":35,"column":1}},"line":32},"1":{"name":"validateUser","decl":{"start":{"line":39,"column":9},"end":{"line":39,"column":21}},"loc":{"start":{"line":39,"column":28},"end":{"line":47,"column":1}},"line":39}},"branchMap":{},"s":{"0":4,"1":4,"2":4,"3":4,"4":4,"5":4,"6":4,"7":10,"8":10,"9":4,"10":0,"11":0,"12":4,"13":4},"f":{"0":10,"1":0},"b":{},"_coverageSchema":"332fd63041d2c1bcb487cc26dd0d5f7d97098a6c","hash":"7ebde655c11628a5d099e78f1f9d54622aeb4b62"}
,"C:\\Users\\pdtay\\Downloads\\Desktop\\MoshClass\\vidly\\routes\\auth.js": {"path":"C:\\Users\\pdtay\\Downloads\\Desktop\\MoshClass\\vidly\\routes\\auth.js","statementMap":{"0":{"start":{"line":3,"column":12},"end":{"line":3,"column":26}},"1":{"start":{"line":4,"column":15},"end":{"line":4,"column":32}},"2":{"start":{"line":5,"column":10},"end":{"line":5,"column":27}},"3":{"start":{"line":6,"column":17},"end":{"line":6,"column":42}},"4":{"start":{"line":7,"column":16},"end":{"line":7,"column":34}},"5":{"start":{"line":8,"column":15},"end":{"line":8,"column":31}},"6":{"start":{"line":10,"column":0},"end":{"line":27,"column":3}},"7":{"start":{"line":11,"column":22},"end":{"line":11,"column":40}},"8":{"start":{"line":12,"column":4},"end":{"line":12,"column":69}},"9":{"start":{"line":12,"column":15},"end":{"line":12,"column":69}},"10":{"start":{"line":14,"column":15},"end":{"line":14,"column":60}},"11":{"start":{"line":15,"column":4},"end":{"line":15,"column":73}},"12":{"start":{"line":15,"column":15},"end":{"line":15,"column":73}},"13":{"start":{"line":17,"column":4},"end":{"line":17,"column":35}},"14":{"start":{"line":18,"column":4},"end":{"line":18,"column":31}},"15":{"start":{"line":20,"column":26},"end":{"line":20,"column":80}},"16":{"start":{"line":21,"column":4},"end":{"line":21,"column":31}},"17":{"start":{"line":22,"column":4},"end":{"line":22,"column":73}},"18":{"start":{"line":22,"column":24},"end":{"line":22,"column":73}},"19":{"start":{"line":24,"column":18},"end":{"line":24,"column":42}},"20":{"start":{"line":25,"column":4},"end":{"line":25,"column":20}},"21":{"start":{"line":30,"column":19},"end":{"line":33,"column":5}},"22":{"start":{"line":35,"column":4},"end":{"line":35,"column":37}},"23":{"start":{"line":39,"column":0},"end":{"line":39,"column":24}}},"fnMap":{"0":{"name":"(anonymous_0)","decl":{"start":{"line":10,"column":17},"end":{"line":10,"column":18}},"loc":{"start":{"line":10,"column":37},"end":{"line":27,"column":1}},"line":10},"1":{"name":"validate","decl":{"start":{"line":29,"column":9},"end":{"line":29,"column":17}},"loc":{"start":{"line":29,"column":23},"end":{"line":36,"column":1}},"line":29}},"branchMap":{"0":{"loc":{"start":{"line":12,"column":4},"end":{"line":12,"column":69}},"type":"if","locations":[{"start":{"line":12,"column":4},"end":{"line":12,"column":69}},{"start":{"line":12,"column":4},"end":{"line":12,"column":69}}],"line":12},"1":{"loc":{"start":{"line":15,"column":4},"end":{"line":15,"column":73}},"type":"if","locations":[{"start":{"line":15,"column":4},"end":{"line":15,"column":73}},{"start":{"line":15,"column":4},"end":{"line":15,"column":73}}],"line":15},"2":{"loc":{"start":{"line":22,"column":4},"end":{"line":22,"column":73}},"type":"if","locations":[{"start":{"line":22,"column":4},"end":{"line":22,"column":73}},{"start":{"line":22,"column":4},"end":{"line":22,"column":73}}],"line":22}},"s":{"0":2,"1":2,"2":2,"3":2,"4":2,"5":2,"6":2,"7":0,"8":0,"9":0,"10":0,"11":0,"12":0,"13":0,"14":0,"15":0,"16":0,"17":0,"18":0,"19":0,"20":0,"21":0,"22":0,"23":2},"f":{"0":0,"1":0},"b":{"0":[0,0],"1":[0,0],"2":[0,0]},"_coverageSchema":"332fd63041d2c1bcb487cc26dd0d5f7d97098a6c","hash":"376c3d334787dc0052f67d7312b7e4a63b2fb707"}
,"C:\\Users\\pdtay\\Downloads\\Desktop\\MoshClass\\vidly\\routes\\customers.js": {"path":"C:\\Users\\pdtay\\Downloads\\Desktop\\MoshClass\\vidly\\routes\\customers.js","statementMap":{"0":{"start":{"line":2,"column":31},"end":{"line":2,"column":60}},"1":{"start":{"line":3,"column":16},"end":{"line":3,"column":34}},"2":{"start":{"line":4,"column":15},"end":{"line":4,"column":31}},"3":{"start":{"line":6,"column":0},"end":{"line":11,"column":3}},"4":{"start":{"line":7,"column":22},"end":{"line":7,"column":56}},"5":{"start":{"line":8,"column":4},"end":{"line":8,"column":72}},"6":{"start":{"line":8,"column":20},"end":{"line":8,"column":72}},"7":{"start":{"line":10,"column":4},"end":{"line":10,"column":24}},"8":{"start":{"line":13,"column":0},"end":{"line":18,"column":3}},"9":{"start":{"line":14,"column":20},"end":{"line":14,"column":58}},"10":{"start":{"line":15,"column":3},"end":{"line":15,"column":69}},"11":{"start":{"line":15,"column":18},"end":{"line":15,"column":69}},"12":{"start":{"line":17,"column":3},"end":{"line":17,"column":22}},"13":{"start":{"line":20,"column":0},"end":{"line":32,"column":3}},"14":{"start":{"line":21,"column":22},"end":{"line":21,"column":40}},"15":{"start":{"line":22,"column":4},"end":{"line":22,"column":69}},"16":{"start":{"line":22,"column":15},"end":{"line":22,"column":69}},"17":{"start":{"line":24,"column":19},"end":{"line":28,"column":6}},"18":{"start":{"line":29,"column":4},"end":{"line":29,"column":37}},"19":{"start":{"line":31,"column":4},"end":{"line":31,"column":23}},"20":{"start":{"line":34,"column":0},"end":{"line":49,"column":3}},"21":{"start":{"line":35,"column":22},"end":{"line":35,"column":40}},"22":{"start":{"line":36,"column":4},"end":{"line":36,"column":69}},"23":{"start":{"line":36,"column":15},"end":{"line":36,"column":69}},"24":{"start":{"line":38,"column":21},"end":{"line":44,"column":25}},"25":{"start":{"line":46,"column":4},"end":{"line":46,"column":70}},"26":{"start":{"line":46,"column":19},"end":{"line":46,"column":70}},"27":{"start":{"line":48,"column":4},"end":{"line":48,"column":23}},"28":{"start":{"line":51,"column":0},"end":{"line":57,"column":3}},"29":{"start":{"line":52,"column":21},"end":{"line":52,"column":68}},"30":{"start":{"line":54,"column":4},"end":{"line":54,"column":70}},"31":{"start":{"line":54,"column":19},"end":{"line":54,"column":70}},"32":{"start":{"line":56,"column":4},"end":{"line":56,"column":23}},"33":{"start":{"line":59,"column":0},"end":{"line":59,"column":24}}},"fnMap":{"0":{"name":"(anonymous_0)","decl":{"start":{"line":6,"column":16},"end":{"line":6,"column":17}},"loc":{"start":{"line":6,"column":36},"end":{"line":11,"column":1}},"line":6},"1":{"name":"(anonymous_1)","decl":{"start":{"line":13,"column":19},"end":{"line":13,"column":20}},"loc":{"start":{"line":13,"column":39},"end":{"line":18,"column":1}},"line":13},"2":{"name":"(anonymous_2)","decl":{"start":{"line":20,"column":17},"end":{"line":20,"column":18}},"loc":{"start":{"line":20,"column":37},"end":{"line":32,"column":1}},"line":20},"3":{"name":"(anonymous_3)","decl":{"start":{"line":34,"column":19},"end":{"line":34,"column":20}},"loc":{"start":{"line":34,"column":39},"end":{"line":49,"column":1}},"line":34},"4":{"name":"(anonymous_4)","decl":{"start":{"line":51,"column":22},"end":{"line":51,"column":23}},"loc":{"start":{"line":51,"column":42},"end":{"line":57,"column":1}},"line":51}},"branchMap":{"0":{"loc":{"start":{"line":8,"column":4},"end":{"line":8,"column":72}},"type":"if","locations":[{"start":{"line":8,"column":4},"end":{"line":8,"column":72}},{"start":{"line":8,"column":4},"end":{"line":8,"column":72}}],"line":8},"1":{"loc":{"start":{"line":15,"column":3},"end":{"line":15,"column":69}},"type":"if","locations":[{"start":{"line":15,"column":3},"end":{"line":15,"column":69}},{"start":{"line":15,"column":3},"end":{"line":15,"column":69}}],"line":15},"2":{"loc":{"start":{"line":22,"column":4},"end":{"line":22,"column":69}},"type":"if","locations":[{"start":{"line":22,"column":4},"end":{"line":22,"column":69}},{"start":{"line":22,"column":4},"end":{"line":22,"column":69}}],"line":22},"3":{"loc":{"start":{"line":36,"column":4},"end":{"line":36,"column":69}},"type":"if","locations":[{"start":{"line":36,"column":4},"end":{"line":36,"column":69}},{"start":{"line":36,"column":4},"end":{"line":36,"column":69}}],"line":36},"4":{"loc":{"start":{"line":46,"column":4},"end":{"line":46,"column":70}},"type":"if","locations":[{"start":{"line":46,"column":4},"end":{"line":46,"column":70}},{"start":{"line":46,"column":4},"end":{"line":46,"column":70}}],"line":46},"5":{"loc":{"start":{"line":54,"column":4},"end":{"line":54,"column":70}},"type":"if","locations":[{"start":{"line":54,"column":4},"end":{"line":54,"column":70}},{"start":{"line":54,"column":4},"end":{"line":54,"column":70}}],"line":54}},"s":{"0":2,"1":2,"2":2,"3":2,"4":0,"5":0,"6":0,"7":0,"8":2,"9":0,"10":0,"11":0,"12":0,"13":2,"14":0,"15":0,"16":0,"17":0,"18":0,"19":0,"20":2,"21":0,"22":0,"23":0,"24":0,"25":0,"26":0,"27":0,"28":2,"29":0,"30":0,"31":0,"32":0,"33":2},"f":{"0":0,"1":0,"2":0,"3":0,"4":0},"b":{"0":[0,0],"1":[0,0],"2":[0,0],"3":[0,0],"4":[0,0],"5":[0,0]},"_coverageSchema":"332fd63041d2c1bcb487cc26dd0d5f7d97098a6c","hash":"3220c06f7c9fbebdbb22e1708c9669d3156f4d2b"}
,"C:\\Users\\pdtay\\Downloads\\Desktop\\MoshClass\\vidly\\routes\\genres.js": {"path":"C:\\Users\\pdtay\\Downloads\\Desktop\\MoshClass\\vidly\\routes\\genres.js","statementMap":{"0":{"start":{"line":2,"column":25},"end":{"line":2,"column":66}},"1":{"start":{"line":3,"column":24},"end":{"line":3,"column":54}},"2":{"start":{"line":4,"column":14},"end":{"line":4,"column":44}},"3":{"start":{"line":5,"column":13},"end":{"line":5,"column":42}},"4":{"start":{"line":6,"column":28},"end":{"line":6,"column":54}},"5":{"start":{"line":7,"column":17},"end":{"line":7,"column":36}},"6":{"start":{"line":8,"column":16},"end":{"line":8,"column":34}},"7":{"start":{"line":9,"column":15},"end":{"line":9,"column":31}},"8":{"start":{"line":12,"column":0},"end":{"line":18,"column":3}},"9":{"start":{"line":14,"column":19},"end":{"line":14,"column":50}},"10":{"start":{"line":15,"column":4},"end":{"line":15,"column":21}},"11":{"start":{"line":21,"column":0},"end":{"line":30,"column":3}},"12":{"start":{"line":23,"column":22},"end":{"line":23,"column":40}},"13":{"start":{"line":24,"column":4},"end":{"line":24,"column":69}},"14":{"start":{"line":24,"column":15},"end":{"line":24,"column":69}},"15":{"start":{"line":26,"column":16},"end":{"line":26,"column":50}},"16":{"start":{"line":27,"column":4},"end":{"line":27,"column":31}},"17":{"start":{"line":29,"column":4},"end":{"line":29,"column":20}},"18":{"start":{"line":33,"column":0},"end":{"line":45,"column":4}},"19":{"start":{"line":34,"column":22},"end":{"line":34,"column":40}},"20":{"start":{"line":35,"column":4},"end":{"line":35,"column":69}},"21":{"start":{"line":35,"column":15},"end":{"line":35,"column":69}},"22":{"start":{"line":37,"column":18},"end":{"line":40,"column":6}},"23":{"start":{"line":42,"column":4},"end":{"line":42,"column":64}},"24":{"start":{"line":42,"column":16},"end":{"line":42,"column":64}},"25":{"start":{"line":44,"column":4},"end":{"line":44,"column":20}},"26":{"start":{"line":48,"column":0},"end":{"line":54,"column":4}},"27":{"start":{"line":49,"column":18},"end":{"line":49,"column":62}},"28":{"start":{"line":51,"column":4},"end":{"line":51,"column":63}},"29":{"start":{"line":51,"column":16},"end":{"line":51,"column":63}},"30":{"start":{"line":53,"column":4},"end":{"line":53,"column":20}},"31":{"start":{"line":56,"column":0},"end":{"line":56,"column":24}},"32":{"start":{"line":59,"column":0},"end":{"line":66,"column":3}},"33":{"start":{"line":61,"column":18},"end":{"line":61,"column":53}},"34":{"start":{"line":63,"column":4},"end":{"line":63,"column":90}},"35":{"start":{"line":63,"column":16},"end":{"line":63,"column":90}},"36":{"start":{"line":65,"column":4},"end":{"line":65,"column":20}},"37":{"start":{"line":68,"column":0},"end":{"line":68,"column":17}}},"fnMap":{"0":{"name":"(anonymous_0)","decl":{"start":{"line":12,"column":16},"end":{"line":12,"column":17}},"loc":{"start":{"line":12,"column":36},"end":{"line":18,"column":1}},"line":12},"1":{"name":"(anonymous_1)","decl":{"start":{"line":21,"column":23},"end":{"line":21,"column":24}},"loc":{"start":{"line":21,"column":43},"end":{"line":30,"column":1}},"line":21},"2":{"name":"(anonymous_2)","decl":{"start":{"line":33,"column":35},"end":{"line":33,"column":36}},"loc":{"start":{"line":33,"column":55},"end":{"line":45,"column":1}},"line":33},"3":{"name":"(anonymous_3)","decl":{"start":{"line":48,"column":53},"end":{"line":48,"column":54}},"loc":{"start":{"line":48,"column":73},"end":{"line":54,"column":1}},"line":48},"4":{"name":"(anonymous_4)","decl":{"start":{"line":59,"column":37},"end":{"line":59,"column":38}},"loc":{"start":{"line":59,"column":57},"end":{"line":66,"column":1}},"line":59}},"branchMap":{"0":{"loc":{"start":{"line":24,"column":4},"end":{"line":24,"column":69}},"type":"if","locations":[{"start":{"line":24,"column":4},"end":{"line":24,"column":69}},{"start":{"line":24,"column":4},"end":{"line":24,"column":69}}],"line":24},"1":{"loc":{"start":{"line":35,"column":4},"end":{"line":35,"column":69}},"type":"if","locations":[{"start":{"line":35,"column":4},"end":{"line":35,"column":69}},{"start":{"line":35,"column":4},"end":{"line":35,"column":69}}],"line":35},"2":{"loc":{"start":{"line":42,"column":4},"end":{"line":42,"column":64}},"type":"if","locations":[{"start":{"line":42,"column":4},"end":{"line":42,"column":64}},{"start":{"line":42,"column":4},"end":{"line":42,"column":64}}],"line":42},"3":{"loc":{"start":{"line":51,"column":4},"end":{"line":51,"column":63}},"type":"if","locations":[{"start":{"line":51,"column":4},"end":{"line":51,"column":63}},{"start":{"line":51,"column":4},"end":{"line":51,"column":63}}],"line":51},"4":{"loc":{"start":{"line":63,"column":4},"end":{"line":63,"column":90}},"type":"if","locations":[{"start":{"line":63,"column":4},"end":{"line":63,"column":90}},{"start":{"line":63,"column":4},"end":{"line":63,"column":90}}],"line":63}},"s":{"0":2,"1":2,"2":2,"3":2,"4":2,"5":2,"6":2,"7":2,"8":2,"9":1,"10":1,"11":2,"12":5,"13":5,"14":2,"15":3,"16":3,"17":3,"18":2,"19":0,"20":0,"21":0,"22":0,"23":0,"24":0,"25":0,"26":2,"27":0,"28":0,"29":0,"30":0,"31":2,"32":2,"33":2,"34":2,"35":1,"36":1,"37":2},"f":{"0":1,"1":5,"2":0,"3":0,"4":2},"b":{"0":[2,3],"1":[0,0],"2":[0,0],"3":[0,0],"4":[1,1]},"_coverageSchema":"332fd63041d2c1bcb487cc26dd0d5f7d97098a6c","hash":"94c9f1aa5c1c7aa11102a1fb4bf272447a9d4a38"}
,"C:\\Users\\pdtay\\Downloads\\Desktop\\MoshClass\\vidly\\routes\\movies.js": {"path":"C:\\Users\\pdtay\\Downloads\\Desktop\\MoshClass\\vidly\\routes\\movies.js","statementMap":{"0":{"start":{"line":1,"column":26},"end":{"line":1,"column":52}},"1":{"start":{"line":2,"column":16},"end":{"line":2,"column":42}},"2":{"start":{"line":3,"column":17},"end":{"line":3,"column":36}},"3":{"start":{"line":4,"column":16},"end":{"line":4,"column":34}},"4":{"start":{"line":5,"column":15},"end":{"line":5,"column":31}},"5":{"start":{"line":7,"column":0},"end":{"line":10,"column":3}},"6":{"start":{"line":8,"column":17},"end":{"line":8,"column":48}},"7":{"start":{"line":9,"column":2},"end":{"line":9,"column":19}},"8":{"start":{"line":12,"column":0},"end":{"line":31,"column":3}},"9":{"start":{"line":13,"column":20},"end":{"line":13,"column":38}},"10":{"start":{"line":14,"column":2},"end":{"line":14,"column":67}},"11":{"start":{"line":14,"column":13},"end":{"line":14,"column":67}},"12":{"start":{"line":16,"column":16},"end":{"line":16,"column":54}},"13":{"start":{"line":17,"column":2},"end":{"line":17,"column":60}},"14":{"start":{"line":17,"column":14},"end":{"line":17,"column":60}},"15":{"start":{"line":19,"column":14},"end":{"line":27,"column":4}},"16":{"start":{"line":28,"column":2},"end":{"line":28,"column":29}},"17":{"start":{"line":30,"column":2},"end":{"line":30,"column":18}},"18":{"start":{"line":33,"column":0},"end":{"line":54,"column":3}},"19":{"start":{"line":34,"column":20},"end":{"line":34,"column":38}},"20":{"start":{"line":35,"column":2},"end":{"line":35,"column":67}},"21":{"start":{"line":35,"column":13},"end":{"line":35,"column":67}},"22":{"start":{"line":37,"column":16},"end":{"line":37,"column":54}},"23":{"start":{"line":38,"column":2},"end":{"line":38,"column":60}},"24":{"start":{"line":38,"column":14},"end":{"line":38,"column":60}},"25":{"start":{"line":40,"column":16},"end":{"line":49,"column":21}},"26":{"start":{"line":51,"column":2},"end":{"line":51,"column":88}},"27":{"start":{"line":51,"column":14},"end":{"line":51,"column":88}},"28":{"start":{"line":53,"column":2},"end":{"line":53,"column":18}},"29":{"start":{"line":56,"column":0},"end":{"line":62,"column":3}},"30":{"start":{"line":57,"column":18},"end":{"line":57,"column":62}},"31":{"start":{"line":59,"column":4},"end":{"line":59,"column":75}},"32":{"start":{"line":59,"column":16},"end":{"line":59,"column":75}},"33":{"start":{"line":61,"column":4},"end":{"line":61,"column":20}},"34":{"start":{"line":64,"column":0},"end":{"line":70,"column":3}},"35":{"start":{"line":65,"column":16},"end":{"line":65,"column":51}},"36":{"start":{"line":67,"column":2},"end":{"line":67,"column":88}},"37":{"start":{"line":67,"column":14},"end":{"line":67,"column":88}},"38":{"start":{"line":69,"column":2},"end":{"line":69,"column":18}},"39":{"start":{"line":72,"column":0},"end":{"line":72,"column":24}}},"fnMap":{"0":{"name":"(anonymous_0)","decl":{"start":{"line":7,"column":16},"end":{"line":7,"column":17}},"loc":{"start":{"line":7,"column":36},"end":{"line":10,"column":1}},"line":7},"1":{"name":"(anonymous_1)","decl":{"start":{"line":12,"column":17},"end":{"line":12,"column":18}},"loc":{"start":{"line":12,"column":37},"end":{"line":31,"column":1}},"line":12},"2":{"name":"(anonymous_2)","decl":{"start":{"line":33,"column":19},"end":{"line":33,"column":20}},"loc":{"start":{"line":33,"column":39},"end":{"line":54,"column":1}},"line":33},"3":{"name":"(anonymous_3)","decl":{"start":{"line":56,"column":22},"end":{"line":56,"column":23}},"loc":{"start":{"line":56,"column":42},"end":{"line":62,"column":1}},"line":56},"4":{"name":"(anonymous_4)","decl":{"start":{"line":64,"column":19},"end":{"line":64,"column":20}},"loc":{"start":{"line":64,"column":39},"end":{"line":70,"column":1}},"line":64}},"branchMap":{"0":{"loc":{"start":{"line":14,"column":2},"end":{"line":14,"column":67}},"type":"if","locations":[{"start":{"line":14,"column":2},"end":{"line":14,"column":67}},{"start":{"line":14,"column":2},"end":{"line":14,"column":67}}],"line":14},"1":{"loc":{"start":{"line":17,"column":2},"end":{"line":17,"column":60}},"type":"if","locations":[{"start":{"line":17,"column":2},"end":{"line":17,"column":60}},{"start":{"line":17,"column":2},"end":{"line":17,"column":60}}],"line":17},"2":{"loc":{"start":{"line":35,"column":2},"end":{"line":35,"column":67}},"type":"if","locations":[{"start":{"line":35,"column":2},"end":{"line":35,"column":67}},{"start":{"line":35,"column":2},"end":{"line":35,"column":67}}],"line":35},"3":{"loc":{"start":{"line":38,"column":2},"end":{"line":38,"column":60}},"type":"if","locations":[{"start":{"line":38,"column":2},"end":{"line":38,"column":60}},{"start":{"line":38,"column":2},"end":{"line":38,"column":60}}],"line":38},"4":{"loc":{"start":{"line":51,"column":2},"end":{"line":51,"column":88}},"type":"if","locations":[{"start":{"line":51,"column":2},"end":{"line":51,"column":88}},{"start":{"line":51,"column":2},"end":{"line":51,"column":88}}],"line":51},"5":{"loc":{"start":{"line":59,"column":4},"end":{"line":59,"column":75}},"type":"if","locations":[{"start":{"line":59,"column":4},"end":{"line":59,"column":75}},{"start":{"line":59,"column":4},"end":{"line":59,"column":75}}],"line":59},"6":{"loc":{"start":{"line":67,"column":2},"end":{"line":67,"column":88}},"type":"if","locations":[{"start":{"line":67,"column":2},"end":{"line":67,"column":88}},{"start":{"line":67,"column":2},"end":{"line":67,"column":88}}],"line":67}},"s":{"0":2,"1":2,"2":2,"3":2,"4":2,"5":2,"6":0,"7":0,"8":2,"9":0,"10":0,"11":0,"12":0,"13":0,"14":0,"15":0,"16":0,"17":0,"18":2,"19":0,"20":0,"21":0,"22":0,"23":0,"24":0,"25":0,"26":0,"27":0,"28":0,"29":2,"30":0,"31":0,"32":0,"33":0,"34":2,"35":0,"36":0,"37":0,"38":0,"39":2},"f":{"0":0,"1":0,"2":0,"3":0,"4":0},"b":{"0":[0,0],"1":[0,0],"2":[0,0],"3":[0,0],"4":[0,0],"5":[0,0],"6":[0,0]},"_coverageSchema":"332fd63041d2c1bcb487cc26dd0d5f7d97098a6c","hash":"304c971145bf75399e385b5a406f8ab43e467277"}
,"C:\\Users\\pdtay\\Downloads\\Desktop\\MoshClass\\vidly\\routes\\rentals.js": {"path":"C:\\Users\\pdtay\\Downloads\\Desktop\\MoshClass\\vidly\\routes\\rentals.js","statementMap":{"0":{"start":{"line":2,"column":27},"end":{"line":2,"column":54}},"1":{"start":{"line":3,"column":16},"end":{"line":3,"column":42}},"2":{"start":{"line":4,"column":19},"end":{"line":4,"column":48}},"3":{"start":{"line":5,"column":17},"end":{"line":5,"column":36}},"4":{"start":{"line":6,"column":13},"end":{"line":6,"column":28}},"5":{"start":{"line":7,"column":16},"end":{"line":7,"column":34}},"6":{"start":{"line":8,"column":15},"end":{"line":8,"column":31}},"7":{"start":{"line":10,"column":0},"end":{"line":10,"column":20}},"8":{"start":{"line":12,"column":0},"end":{"line":15,"column":3}},"9":{"start":{"line":13,"column":18},"end":{"line":13,"column":54}},"10":{"start":{"line":14,"column":2},"end":{"line":14,"column":20}},"11":{"start":{"line":17,"column":0},"end":{"line":56,"column":3}},"12":{"start":{"line":18,"column":20},"end":{"line":18,"column":38}},"13":{"start":{"line":19,"column":2},"end":{"line":19,"column":67}},"14":{"start":{"line":19,"column":13},"end":{"line":19,"column":67}},"15":{"start":{"line":21,"column":19},"end":{"line":21,"column":63}},"16":{"start":{"line":22,"column":2},"end":{"line":22,"column":66}},"17":{"start":{"line":22,"column":17},"end":{"line":22,"column":66}},"18":{"start":{"line":24,"column":16},"end":{"line":24,"column":54}},"19":{"start":{"line":25,"column":2},"end":{"line":25,"column":60}},"20":{"start":{"line":25,"column":14},"end":{"line":25,"column":60}},"21":{"start":{"line":27,"column":2},"end":{"line":27,"column":84}},"22":{"start":{"line":27,"column":33},"end":{"line":27,"column":84}},"23":{"start":{"line":29,"column":15},"end":{"line":41,"column":4}},"24":{"start":{"line":43,"column":2},"end":{"line":53,"column":3}},"25":{"start":{"line":44,"column":4},"end":{"line":49,"column":11}},"26":{"start":{"line":52,"column":4},"end":{"line":52,"column":45}},"27":{"start":{"line":55,"column":2},"end":{"line":55,"column":19}},"28":{"start":{"line":58,"column":0},"end":{"line":64,"column":3}},"29":{"start":{"line":59,"column":17},"end":{"line":59,"column":53}},"30":{"start":{"line":61,"column":2},"end":{"line":61,"column":90}},"31":{"start":{"line":61,"column":15},"end":{"line":61,"column":90}},"32":{"start":{"line":63,"column":2},"end":{"line":63,"column":19}},"33":{"start":{"line":66,"column":0},"end":{"line":66,"column":24}}},"fnMap":{"0":{"name":"(anonymous_0)","decl":{"start":{"line":12,"column":16},"end":{"line":12,"column":17}},"loc":{"start":{"line":12,"column":36},"end":{"line":15,"column":1}},"line":12},"1":{"name":"(anonymous_1)","decl":{"start":{"line":17,"column":17},"end":{"line":17,"column":18}},"loc":{"start":{"line":17,"column":37},"end":{"line":56,"column":1}},"line":17},"2":{"name":"(anonymous_2)","decl":{"start":{"line":58,"column":19},"end":{"line":58,"column":20}},"loc":{"start":{"line":58,"column":39},"end":{"line":64,"column":1}},"line":58}},"branchMap":{"0":{"loc":{"start":{"line":19,"column":2},"end":{"line":19,"column":67}},"type":"if","locations":[{"start":{"line":19,"column":2},"end":{"line":19,"column":67}},{"start":{"line":19,"column":2},"end":{"line":19,"column":67}}],"line":19},"1":{"loc":{"start":{"line":22,"column":2},"end":{"line":22,"column":66}},"type":"if","locations":[{"start":{"line":22,"column":2},"end":{"line":22,"column":66}},{"start":{"line":22,"column":2},"end":{"line":22,"column":66}}],"line":22},"2":{"loc":{"start":{"line":25,"column":2},"end":{"line":25,"column":60}},"type":"if","locations":[{"start":{"line":25,"column":2},"end":{"line":25,"column":60}},{"start":{"line":25,"column":2},"end":{"line":25,"column":60}}],"line":25},"3":{"loc":{"start":{"line":27,"column":2},"end":{"line":27,"column":84}},"type":"if","locations":[{"start":{"line":27,"column":2},"end":{"line":27,"column":84}},{"start":{"line":27,"column":2},"end":{"line":27,"column":84}}],"line":27},"4":{"loc":{"start":{"line":61,"column":2},"end":{"line":61,"column":90}},"type":"if","locations":[{"start":{"line":61,"column":2},"end":{"line":61,"column":90}},{"start":{"line":61,"column":2},"end":{"line":61,"column":90}}],"line":61}},"s":{"0":2,"1":2,"2":2,"3":2,"4":2,"5":2,"6":2,"7":2,"8":2,"9":0,"10":0,"11":2,"12":0,"13":0,"14":0,"15":0,"16":0,"17":0,"18":0,"19":0,"20":0,"21":0,"22":0,"23":0,"24":0,"25":0,"26":0,"27":0,"28":2,"29":0,"30":0,"31":0,"32":0,"33":2},"f":{"0":0,"1":0,"2":0},"b":{"0":[0,0],"1":[0,0],"2":[0,0],"3":[0,0],"4":[0,0]},"_coverageSchema":"332fd63041d2c1bcb487cc26dd0d5f7d97098a6c","hash":"b9b149423208c645080df32ed046fcd4b7cd329e"}
,"C:\\Users\\pdtay\\Downloads\\Desktop\\MoshClass\\vidly\\routes\\users.js": {"path":"C:\\Users\\pdtay\\Downloads\\Desktop\\MoshClass\\vidly\\routes\\users.js","statementMap":{"0":{"start":{"line":2,"column":13},"end":{"line":2,"column":42}},"1":{"start":{"line":3,"column":15},"end":{"line":3,"column":32}},"2":{"start":{"line":4,"column":10},"end":{"line":4,"column":27}},"3":{"start":{"line":5,"column":27},"end":{"line":5,"column":52}},"4":{"start":{"line":6,"column":16},"end":{"line":6,"column":34}},"5":{"start":{"line":7,"column":15},"end":{"line":7,"column":31}},"6":{"start":{"line":17,"column":0},"end":{"line":20,"column":3}},"7":{"start":{"line":18,"column":17},"end":{"line":18,"column":70}},"8":{"start":{"line":19,"column":4},"end":{"line":19,"column":19}},"9":{"start":{"line":22,"column":0},"end":{"line":37,"column":3}},"10":{"start":{"line":23,"column":22},"end":{"line":23,"column":40}},"11":{"start":{"line":24,"column":4},"end":{"line":24,"column":69}},"12":{"start":{"line":24,"column":15},"end":{"line":24,"column":69}},"13":{"start":{"line":26,"column":15},"end":{"line":26,"column":60}},"14":{"start":{"line":27,"column":4},"end":{"line":27,"column":70}},"15":{"start":{"line":27,"column":14},"end":{"line":27,"column":70}},"16":{"start":{"line":29,"column":4},"end":{"line":29,"column":69}},"17":{"start":{"line":30,"column":17},"end":{"line":30,"column":41}},"18":{"start":{"line":31,"column":4},"end":{"line":31,"column":59}},"19":{"start":{"line":32,"column":4},"end":{"line":32,"column":31}},"20":{"start":{"line":33,"column":4},"end":{"line":33,"column":22}},"21":{"start":{"line":35,"column":18},"end":{"line":35,"column":42}},"22":{"start":{"line":36,"column":4},"end":{"line":36,"column":85}},"23":{"start":{"line":66,"column":0},"end":{"line":66,"column":24}}},"fnMap":{"0":{"name":"(anonymous_0)","decl":{"start":{"line":17,"column":24},"end":{"line":17,"column":25}},"loc":{"start":{"line":17,"column":44},"end":{"line":20,"column":1}},"line":17},"1":{"name":"(anonymous_1)","decl":{"start":{"line":22,"column":17},"end":{"line":22,"column":18}},"loc":{"start":{"line":22,"column":37},"end":{"line":37,"column":1}},"line":22}},"branchMap":{"0":{"loc":{"start":{"line":24,"column":4},"end":{"line":24,"column":69}},"type":"if","locations":[{"start":{"line":24,"column":4},"end":{"line":24,"column":69}},{"start":{"line":24,"column":4},"end":{"line":24,"column":69}}],"line":24},"1":{"loc":{"start":{"line":27,"column":4},"end":{"line":27,"column":70}},"type":"if","locations":[{"start":{"line":27,"column":4},"end":{"line":27,"column":70}},{"start":{"line":27,"column":4},"end":{"line":27,"column":70}}],"line":27}},"s":{"0":2,"1":2,"2":2,"3":2,"4":2,"5":2,"6":2,"7":0,"8":0,"9":2,"10":0,"11":0,"12":0,"13":0,"14":0,"15":0,"16":0,"17":0,"18":0,"19":0,"20":0,"21":0,"22":0,"23":2},"f":{"0":0,"1":0},"b":{"0":[0,0],"1":[0,0]},"_coverageSchema":"332fd63041d2c1bcb487cc26dd0d5f7d97098a6c","hash":"a6ccd45e4a1cbc956a709fe4731a5332a482f004"}
,"C:\\Users\\pdtay\\Downloads\\Desktop\\MoshClass\\vidly\\startup\\config.js": {"path":"C:\\Users\\pdtay\\Downloads\\Desktop\\MoshClass\\vidly\\startup\\config.js","statementMap":{"0":{"start":{"line":2,"column":15},"end":{"line":2,"column":32}},"1":{"start":{"line":4,"column":0},"end":{"line":8,"column":1}},"2":{"start":{"line":5,"column":4},"end":{"line":7,"column":5}},"3":{"start":{"line":6,"column":8},"end":{"line":6,"column":70}}},"fnMap":{"0":{"name":"(anonymous_0)","decl":{"start":{"line":4,"column":17},"end":{"line":4,"column":18}},"loc":{"start":{"line":4,"column":28},"end":{"line":8,"column":1}},"line":4}},"branchMap":{"0":{"loc":{"start":{"line":5,"column":4},"end":{"line":7,"column":5}},"type":"if","locations":[{"start":{"line":5,"column":4},"end":{"line":7,"column":5}},{"start":{"line":5,"column":4},"end":{"line":7,"column":5}}],"line":5}},"s":{"0":2,"1":2,"2":2,"3":0},"f":{"0":2},"b":{"0":[0,2]},"_coverageSchema":"332fd63041d2c1bcb487cc26dd0d5f7d97098a6c","hash":"c1b58a3716ef9aedf5f1ed9eb5603f7275fdc953"}
,"C:\\Users\\pdtay\\Downloads\\Desktop\\MoshClass\\vidly\\startup\\db.js": {"path":"C:\\Users\\pdtay\\Downloads\\Desktop\\MoshClass\\vidly\\startup\\db.js","statementMap":{"0":{"start":{"line":2,"column":16},"end":{"line":2,"column":34}},"1":{"start":{"line":3,"column":17},"end":{"line":3,"column":36}},"2":{"start":{"line":4,"column":15},"end":{"line":4,"column":32}},"3":{"start":{"line":6,"column":0},"end":{"line":10,"column":1}},"4":{"start":{"line":7,"column":15},"end":{"line":7,"column":31}},"5":{"start":{"line":8,"column":4},"end":{"line":9,"column":55}},"6":{"start":{"line":9,"column":16},"end":{"line":9,"column":53}}},"fnMap":{"0":{"name":"(anonymous_0)","decl":{"start":{"line":6,"column":17},"end":{"line":6,"column":18}},"loc":{"start":{"line":6,"column":28},"end":{"line":10,"column":1}},"line":6},"1":{"name":"(anonymous_1)","decl":{"start":{"line":9,"column":10},"end":{"line":9,"column":11}},"loc":{"start":{"line":9,"column":16},"end":{"line":9,"column":53}},"line":9}},"branchMap":{},"s":{"0":2,"1":2,"2":2,"3":2,"4":2,"5":2,"6":2},"f":{"0":2,"1":2},"b":{},"_coverageSchema":"332fd63041d2c1bcb487cc26dd0d5f7d97098a6c","hash":"161d951a9293f49589c27315e1082e89f1ef9ab8"}
,"C:\\Users\\pdtay\\Downloads\\Desktop\\MoshClass\\vidly\\startup\\logging.js": {"path":"C:\\Users\\pdtay\\Downloads\\Desktop\\MoshClass\\vidly\\startup\\logging.js","statementMap":{"0":{"start":{"line":2,"column":16},"end":{"line":2,"column":34}},"1":{"start":{"line":4,"column":0},"end":{"line":4,"column":32}},"2":{"start":{"line":6,"column":0},"end":{"line":22,"column":2}},"3":{"start":{"line":7,"column":4},"end":{"line":10,"column":6}},"4":{"start":{"line":12,"column":4},"end":{"line":15,"column":7}},"5":{"start":{"line":13,"column":8},"end":{"line":13,"column":83}},"6":{"start":{"line":14,"column":8},"end":{"line":14,"column":17}},"7":{"start":{"line":17,"column":4},"end":{"line":17,"column":69}}},"fnMap":{"0":{"name":"(anonymous_0)","decl":{"start":{"line":6,"column":17},"end":{"line":6,"column":18}},"loc":{"start":{"line":6,"column":28},"end":{"line":22,"column":1}},"line":6},"1":{"name":"(anonymous_1)","decl":{"start":{"line":12,"column":37},"end":{"line":12,"column":38}},"loc":{"start":{"line":12,"column":45},"end":{"line":15,"column":5}},"line":12}},"branchMap":{},"s":{"0":2,"1":2,"2":2,"3":2,"4":2,"5":0,"6":0,"7":2},"f":{"0":2,"1":0},"b":{},"_coverageSchema":"332fd63041d2c1bcb487cc26dd0d5f7d97098a6c","hash":"11a8ccbb7052a32304928b3b89b68fa68772a1d1"}
,"C:\\Users\\pdtay\\Downloads\\Desktop\\MoshClass\\vidly\\startup\\routes.js": {"path":"C:\\Users\\pdtay\\Downloads\\Desktop\\MoshClass\\vidly\\startup\\routes.js","statementMap":{"0":{"start":{"line":2,"column":16},"end":{"line":2,"column":34}},"1":{"start":{"line":3,"column":15},"end":{"line":3,"column":42}},"2":{"start":{"line":4,"column":18},"end":{"line":4,"column":48}},"3":{"start":{"line":5,"column":15},"end":{"line":5,"column":42}},"4":{"start":{"line":6,"column":16},"end":{"line":6,"column":44}},"5":{"start":{"line":7,"column":14},"end":{"line":7,"column":40}},"6":{"start":{"line":8,"column":13},"end":{"line":8,"column":38}},"7":{"start":{"line":9,"column":14},"end":{"line":9,"column":44}},"8":{"start":{"line":11,"column":0},"end":{"line":20,"column":2}},"9":{"start":{"line":12,"column":4},"end":{"line":12,"column":28}},"10":{"start":{"line":13,"column":4},"end":{"line":13,"column":35}},"11":{"start":{"line":14,"column":4},"end":{"line":14,"column":41}},"12":{"start":{"line":15,"column":4},"end":{"line":15,"column":35}},"13":{"start":{"line":16,"column":4},"end":{"line":16,"column":37}},"14":{"start":{"line":17,"column":4},"end":{"line":17,"column":33}},"15":{"start":{"line":18,"column":4},"end":{"line":18,"column":31}},"16":{"start":{"line":19,"column":4},"end":{"line":19,"column":19}}},"fnMap":{"0":{"name":"(anonymous_0)","decl":{"start":{"line":11,"column":17},"end":{"line":11,"column":18}},"loc":{"start":{"line":11,"column":31},"end":{"line":20,"column":1}},"line":11}},"branchMap":{},"s":{"0":2,"1":2,"2":2,"3":2,"4":2,"5":2,"6":2,"7":2,"8":2,"9":2,"10":2,"11":2,"12":2,"13":2,"14":2,"15":2,"16":2},"f":{"0":2},"b":{},"_coverageSchema":"332fd63041d2c1bcb487cc26dd0d5f7d97098a6c","hash":"5331f222495eaf6c786a7cedd6d9dcb56797c163"}
,"C:\\Users\\pdtay\\Downloads\\Desktop\\MoshClass\\vidly\\startup\\validation.js": {"path":"C:\\Users\\pdtay\\Downloads\\Desktop\\MoshClass\\vidly\\startup\\validation.js","statementMap":{"0":{"start":{"line":2,"column":12},"end":{"line":2,"column":26}},"1":{"start":{"line":4,"column":0},"end":{"line":6,"column":1}},"2":{"start":{"line":5,"column":4},"end":{"line":5,"column":49}}},"fnMap":{"0":{"name":"(anonymous_0)","decl":{"start":{"line":4,"column":17},"end":{"line":4,"column":18}},"loc":{"start":{"line":4,"column":28},"end":{"line":6,"column":1}},"line":4}},"branchMap":{},"s":{"0":2,"1":2,"2":2},"f":{"0":2},"b":{},"_coverageSchema":"332fd63041d2c1bcb487cc26dd0d5f7d97098a6c","hash":"263a106364d609caace03def2cf93b82083e0372"}
}
