TN:
SF:C:\Users\pdtay\Downloads\Desktop\MoshClass\vidly\index.js
FN:27,(anonymous_0)
FNF:1
FNH:1
FNDA:2,(anonymous_0)
DA:2,2
DA:3,2
DA:4,2
DA:6,2
DA:7,2
DA:8,2
DA:9,2
DA:10,2
DA:26,2
DA:27,2
DA:29,2
LF:11
LH:11
BRDA:26,0,0,2
BRDA:26,0,1,2
BRF:2
BRH:2
end_of_record
TN:
SF:C:\Users\pdtay\Downloads\Desktop\MoshClass\vidly\middleware\admin.js
FN:2,(anonymous_0)
FNF:1
FNH:0
FNDA:0,(anonymous_0)
DA:2,2
DA:3,0
DA:5,0
LF:3
LH:1
BRDA:3,0,0,0
BRDA:3,0,1,0
BRF:2
BRH:0
end_of_record
TN:
SF:C:\Users\pdtay\Downloads\Desktop\MoshClass\vidly\middleware\async.js
FN:2,(anonymous_0)
FN:3,(anonymous_1)
FNF:2
FNH:1
FNDA:4,(anonymous_0)
FNDA:0,(anonymous_1)
DA:2,2
DA:3,4
DA:4,0
DA:5,0
DA:8,0
LF:5
LH:2
BRF:0
BRH:0
end_of_record
TN:
SF:C:\Users\pdtay\Downloads\Desktop\MoshClass\vidly\middleware\auth.js
FN:5,auth
FNF:1
FNH:1
FNDA:9,auth
DA:2,3
DA:3,3
DA:5,3
DA:6,9
DA:7,9
DA:9,7
DA:10,7
DA:11,6
DA:12,6
DA:15,1
LF:10
LH:10
BRDA:7,0,0,2
BRDA:7,0,1,7
BRF:2
BRH:2
end_of_record
TN:
SF:C:\Users\pdtay\Downloads\Desktop\MoshClass\vidly\middleware\error.js
FN:4,(anonymous_0)
FNF:1
FNH:0
FNDA:0,(anonymous_0)
DA:2,2
DA:4,2
DA:6,0
DA:7,0
LF:4
LH:2
BRF:0
BRH:0
end_of_record
TN:
SF:C:\Users\pdtay\Downloads\Desktop\MoshClass\vidly\middleware\validateObjectId.js
FN:4,(anonymous_0)
FNF:1
FNH:1
FNDA:3,(anonymous_0)
DA:2,2
DA:4,2
DA:5,3
DA:6,1
DA:8,2
LF:5
LH:5
BRDA:5,0,0,1
BRDA:5,0,1,2
BRF:2
BRH:2
end_of_record
TN:
SF:C:\Users\pdtay\Downloads\Desktop\MoshClass\vidly\models\customer.js
FN:25,validateCustomer
FNF:1
FNH:0
FNDA:0,validateCustomer
DA:2,2
DA:3,2
DA:6,2
DA:26,0
DA:32,0
DA:35,2
DA:36,2
LF:7
LH:5
BRF:0
BRH:0
end_of_record
TN:
SF:C:\Users\pdtay\Downloads\Desktop\MoshClass\vidly\models\genre.js
FN:16,validateGenre
FNF:1
FNH:1
FNDA:5,validateGenre
DA:2,2
DA:3,2
DA:5,2
DA:14,2
DA:17,5
DA:21,5
DA:24,2
DA:25,2
DA:26,2
LF:9
LH:9
BRF:0
BRH:0
end_of_record
TN:
SF:C:\Users\pdtay\Downloads\Desktop\MoshClass\vidly\models\movie.js
FN:28,validateMovie
FNF:1
FNH:0
FNDA:0,validateMovie
DA:1,2
DA:2,2
DA:3,2
DA:5,2
DA:29,0
DA:36,0
DA:39,2
DA:40,2
LF:8
LH:6
BRF:0
BRH:0
end_of_record
TN:
SF:C:\Users\pdtay\Downloads\Desktop\MoshClass\vidly\models\rental.js
FN:59,validateRental
FNF:1
FNH:0
FNDA:0,validateRental
DA:1,2
DA:2,2
DA:3,2
DA:5,2
DA:60,0
DA:65,0
DA:68,2
DA:69,2
LF:8
LH:6
BRF:0
BRH:0
end_of_record
TN:
SF:C:\Users\pdtay\Downloads\Desktop\MoshClass\vidly\models\user.js
FN:32,(anonymous_0)
FN:39,validateUser
FNF:2
FNH:1
FNDA:10,(anonymous_0)
FNDA:0,validateUser
DA:3,4
DA:4,4
DA:5,4
DA:6,4
DA:7,4
DA:9,4
DA:32,4
DA:33,10
DA:34,10
DA:37,4
DA:40,0
DA:46,0
DA:49,4
DA:50,4
LF:14
LH:12
BRF:0
BRH:0
end_of_record
TN:
SF:C:\Users\pdtay\Downloads\Desktop\MoshClass\vidly\routes\auth.js
FN:10,(anonymous_0)
FN:29,validate
FNF:2
FNH:0
FNDA:0,(anonymous_0)
FNDA:0,validate
DA:3,2
DA:4,2
DA:5,2
DA:6,2
DA:7,2
DA:8,2
DA:10,2
DA:11,0
DA:12,0
DA:14,0
DA:15,0
DA:17,0
DA:18,0
DA:20,0
DA:21,0
DA:22,0
DA:24,0
DA:25,0
DA:30,0
DA:35,0
DA:39,2
LF:21
LH:8
BRDA:12,0,0,0
BRDA:12,0,1,0
BRDA:15,1,0,0
BRDA:15,1,1,0
BRDA:22,2,0,0
BRDA:22,2,1,0
BRF:6
BRH:0
end_of_record
TN:
SF:C:\Users\pdtay\Downloads\Desktop\MoshClass\vidly\routes\customers.js
FN:6,(anonymous_0)
FN:13,(anonymous_1)
FN:20,(anonymous_2)
FN:34,(anonymous_3)
FN:51,(anonymous_4)
FNF:5
FNH:0
FNDA:0,(anonymous_0)
FNDA:0,(anonymous_1)
FNDA:0,(anonymous_2)
FNDA:0,(anonymous_3)
FNDA:0,(anonymous_4)
DA:2,2
DA:3,2
DA:4,2
DA:6,2
DA:7,0
DA:8,0
DA:10,0
DA:13,2
DA:14,0
DA:15,0
DA:17,0
DA:20,2
DA:21,0
DA:22,0
DA:24,0
DA:29,0
DA:31,0
DA:34,2
DA:35,0
DA:36,0
DA:38,0
DA:46,0
DA:48,0
DA:51,2
DA:52,0
DA:54,0
DA:56,0
DA:59,2
LF:28
LH:9
BRDA:8,0,0,0
BRDA:8,0,1,0
BRDA:15,1,0,0
BRDA:15,1,1,0
BRDA:22,2,0,0
BRDA:22,2,1,0
BRDA:36,3,0,0
BRDA:36,3,1,0
BRDA:46,4,0,0
BRDA:46,4,1,0
BRDA:54,5,0,0
BRDA:54,5,1,0
BRF:12
BRH:0
end_of_record
TN:
SF:C:\Users\pdtay\Downloads\Desktop\MoshClass\vidly\routes\genres.js
FN:12,(anonymous_0)
FN:21,(anonymous_1)
FN:33,(anonymous_2)
FN:48,(anonymous_3)
FN:59,(anonymous_4)
FNF:5
FNH:3
FNDA:1,(anonymous_0)
FNDA:5,(anonymous_1)
FNDA:0,(anonymous_2)
FNDA:0,(anonymous_3)
FNDA:2,(anonymous_4)
DA:2,2
DA:3,2
DA:4,2
DA:5,2
DA:6,2
DA:7,2
DA:8,2
DA:9,2
DA:12,2
DA:14,1
DA:15,1
DA:21,2
DA:23,5
DA:24,5
DA:26,3
DA:27,3
DA:29,3
DA:33,2
DA:34,0
DA:35,0
DA:37,0
DA:42,0
DA:44,0
DA:48,2
DA:49,0
DA:51,0
DA:53,0
DA:56,2
DA:59,2
DA:61,2
DA:63,2
DA:65,1
DA:68,2
LF:33
LH:25
BRDA:24,0,0,2
BRDA:24,0,1,3
BRDA:35,1,0,0
BRDA:35,1,1,0
BRDA:42,2,0,0
BRDA:42,2,1,0
BRDA:51,3,0,0
BRDA:51,3,1,0
BRDA:63,4,0,1
BRDA:63,4,1,1
BRF:10
BRH:4
end_of_record
TN:
SF:C:\Users\pdtay\Downloads\Desktop\MoshClass\vidly\routes\movies.js
FN:7,(anonymous_0)
FN:12,(anonymous_1)
FN:33,(anonymous_2)
FN:56,(anonymous_3)
FN:64,(anonymous_4)
FNF:5
FNH:0
FNDA:0,(anonymous_0)
FNDA:0,(anonymous_1)
FNDA:0,(anonymous_2)
FNDA:0,(anonymous_3)
FNDA:0,(anonymous_4)
DA:1,2
DA:2,2
DA:3,2
DA:4,2
DA:5,2
DA:7,2
DA:8,0
DA:9,0
DA:12,2
DA:13,0
DA:14,0
DA:16,0
DA:17,0
DA:19,0
DA:28,0
DA:30,0
DA:33,2
DA:34,0
DA:35,0
DA:37,0
DA:38,0
DA:40,0
DA:51,0
DA:53,0
DA:56,2
DA:57,0
DA:59,0
DA:61,0
DA:64,2
DA:65,0
DA:67,0
DA:69,0
DA:72,2
LF:33
LH:11
BRDA:14,0,0,0
BRDA:14,0,1,0
BRDA:17,1,0,0
BRDA:17,1,1,0
BRDA:35,2,0,0
BRDA:35,2,1,0
BRDA:38,3,0,0
BRDA:38,3,1,0
BRDA:51,4,0,0
BRDA:51,4,1,0
BRDA:59,5,0,0
BRDA:59,5,1,0
BRDA:67,6,0,0
BRDA:67,6,1,0
BRF:14
BRH:0
end_of_record
TN:
SF:C:\Users\pdtay\Downloads\Desktop\MoshClass\vidly\routes\rentals.js
FN:12,(anonymous_0)
FN:17,(anonymous_1)
FN:58,(anonymous_2)
FNF:3
FNH:0
FNDA:0,(anonymous_0)
FNDA:0,(anonymous_1)
FNDA:0,(anonymous_2)
DA:2,2
DA:3,2
DA:4,2
DA:5,2
DA:6,2
DA:7,2
DA:8,2
DA:10,2
DA:12,2
DA:13,0
DA:14,0
DA:17,2
DA:18,0
DA:19,0
DA:21,0
DA:22,0
DA:24,0
DA:25,0
DA:27,0
DA:29,0
DA:43,0
DA:44,0
DA:52,0
DA:55,0
DA:58,2
DA:59,0
DA:61,0
DA:63,0
DA:66,2
LF:29
LH:12
BRDA:19,0,0,0
BRDA:19,0,1,0
BRDA:22,1,0,0
BRDA:22,1,1,0
BRDA:25,2,0,0
BRDA:25,2,1,0
BRDA:27,3,0,0
BRDA:27,3,1,0
BRDA:61,4,0,0
BRDA:61,4,1,0
BRF:10
BRH:0
end_of_record
TN:
SF:C:\Users\pdtay\Downloads\Desktop\MoshClass\vidly\routes\users.js
FN:17,(anonymous_0)
FN:22,(anonymous_1)
FNF:2
FNH:0
FNDA:0,(anonymous_0)
FNDA:0,(anonymous_1)
DA:2,2
DA:3,2
DA:4,2
DA:5,2
DA:6,2
DA:7,2
DA:17,2
DA:18,0
DA:19,0
DA:22,2
DA:23,0
DA:24,0
DA:26,0
DA:27,0
DA:29,0
DA:30,0
DA:31,0
DA:32,0
DA:33,0
DA:35,0
DA:36,0
DA:66,2
LF:22
LH:9
BRDA:24,0,0,0
BRDA:24,0,1,0
BRDA:27,1,0,0
BRDA:27,1,1,0
BRF:4
BRH:0
end_of_record
TN:
SF:C:\Users\pdtay\Downloads\Desktop\MoshClass\vidly\startup\config.js
FN:4,(anonymous_0)
FNF:1
FNH:1
FNDA:2,(anonymous_0)
DA:2,2
DA:4,2
DA:5,2
DA:6,0
LF:4
LH:3
BRDA:5,0,0,0
BRDA:5,0,1,2
BRF:2
BRH:1
end_of_record
TN:
SF:C:\Users\pdtay\Downloads\Desktop\MoshClass\vidly\startup\db.js
FN:6,(anonymous_0)
FN:9,(anonymous_1)
FNF:2
FNH:2
FNDA:2,(anonymous_0)
FNDA:2,(anonymous_1)
DA:2,2
DA:3,2
DA:4,2
DA:6,2
DA:7,2
DA:8,2
DA:9,2
LF:7
LH:7
BRF:0
BRH:0
end_of_record
TN:
SF:C:\Users\pdtay\Downloads\Desktop\MoshClass\vidly\startup\logging.js
FN:6,(anonymous_0)
FN:12,(anonymous_1)
FNF:2
FNH:1
FNDA:2,(anonymous_0)
FNDA:0,(anonymous_1)
DA:2,2
DA:4,2
DA:6,2
DA:7,2
DA:12,2
DA:13,0
DA:14,0
DA:17,2
LF:8
LH:6
BRF:0
BRH:0
end_of_record
TN:
SF:C:\Users\pdtay\Downloads\Desktop\MoshClass\vidly\startup\routes.js
FN:11,(anonymous_0)
FNF:1
FNH:1
FNDA:2,(anonymous_0)
DA:2,2
DA:3,2
DA:4,2
DA:5,2
DA:6,2
DA:7,2
DA:8,2
DA:9,2
DA:11,2
DA:12,2
DA:13,2
DA:14,2
DA:15,2
DA:16,2
DA:17,2
DA:18,2
DA:19,2
LF:17
LH:17
BRF:0
BRH:0
end_of_record
TN:
SF:C:\Users\pdtay\Downloads\Desktop\MoshClass\vidly\startup\validation.js
FN:4,(anonymous_0)
FNF:1
FNH:1
FNDA:2,(anonymous_0)
DA:2,2
DA:4,2
DA:5,2
LF:3
LH:3
BRF:0
BRH:0
end_of_record
